This is pdfTeX, Version 3.14159265-2.6-1.40.16 (MiKTeX 2.9 64-bit) (preloaded format=pdflatex 2016.1.20)  30 MAR 2016 12:34
entering extended mode
**./Nevels_paper_Creeping_wave_part_real_axis.tex
(Nevels_paper_Creeping_wave_part_real_axis.tex
LaTeX2e <2015/10/01> patch level 2
Babel <3.9n> and hyphenation patterns for 69 languages loaded.
("C:\Program Files\MiKTeX 2.9\tex\latex\base\article.cls"
Document Class: article 2014/09/29 v1.4h Standard LaTeX document class
("C:\Program Files\MiKTeX 2.9\tex\latex\base\size10.clo"
File: size10.clo 2014/09/29 v1.4h Standard LaTeX file (size option)
)
\c@part=\count79
\c@section=\count80
\c@subsection=\count81
\c@subsubsection=\count82
\c@paragraph=\count83
\c@subparagraph=\count84
\c@figure=\count85
\c@table=\count86
\abovecaptionskip=\skip41
\belowcaptionskip=\skip42
\bibindent=\dimen102
)
("C:\Program Files\MiKTeX 2.9\tex\latex\graphics\graphicx.sty"
Package: graphicx 2014/10/28 v1.0g Enhanced LaTeX Graphics (DPC,SPQR)

("C:\Program Files\MiKTeX 2.9\tex\latex\graphics\keyval.sty"
Package: keyval 2014/10/28 v1.15 key=value parser (DPC)
\KV@toks@=\toks14
)
("C:\Program Files\MiKTeX 2.9\tex\latex\graphics\graphics.sty"
Package: graphics 2016/01/03 v1.0q Standard LaTeX Graphics (DPC,SPQR)

("C:\Program Files\MiKTeX 2.9\tex\latex\graphics\trig.sty"
Package: trig 2016/01/03 v1.10 sin cos tan (DPC)
)
("C:\Program Files\MiKTeX 2.9\tex\latex\00miktex\graphics.cfg"
File: graphics.cfg 2010/04/23 v1.9 graphics configuration of TeX Live
)
Package graphics Info: Driver file: pdftex.def on input line 95.

("C:\Program Files\MiKTeX 2.9\tex\latex\pdftex-def\pdftex.def"
File: pdftex.def 2011/05/27 v0.06d Graphics/color for pdfTeX

("C:\Program Files\MiKTeX 2.9\tex\generic\oberdiek\infwarerr.sty"
Package: infwarerr 2010/04/08 v1.3 Providing info/warning/error messages (HO)
)
("C:\Program Files\MiKTeX 2.9\tex\generic\oberdiek\ltxcmds.sty"
Package: ltxcmds 2011/11/09 v1.22 LaTeX kernel commands for general use (HO)
)
\Gread@gobject=\count87
))
\Gin@req@height=\dimen103
\Gin@req@width=\dimen104
)
("C:\Program Files\MiKTeX 2.9\tex\latex\graphics\color.sty"
Package: color 2016/01/03 v1.1b Standard LaTeX Color (DPC)

("C:\Program Files\MiKTeX 2.9\tex\latex\00miktex\color.cfg"
File: color.cfg 2007/01/18 v1.5 color configuration of teTeX/TeXLive
)
Package color Info: Driver file: pdftex.def on input line 143.
)
No file Nevels_paper_Creeping_wave_part_real_axis.aux.
\openout1 = `Nevels_paper_Creeping_wave_part_real_axis.aux'.

LaTeX Font Info:    Checking defaults for OML/cmm/m/it on input line 13.
LaTeX Font Info:    ... okay on input line 13.
LaTeX Font Info:    Checking defaults for T1/cmr/m/n on input line 13.
LaTeX Font Info:    ... okay on input line 13.
LaTeX Font Info:    Checking defaults for OT1/cmr/m/n on input line 13.
LaTeX Font Info:    ... okay on input line 13.
LaTeX Font Info:    Checking defaults for OMS/cmsy/m/n on input line 13.
LaTeX Font Info:    ... okay on input line 13.
LaTeX Font Info:    Checking defaults for OMX/cmex/m/n on input line 13.
LaTeX Font Info:    ... okay on input line 13.
LaTeX Font Info:    Checking defaults for U/cmr/m/n on input line 13.
LaTeX Font Info:    ... okay on input line 13.
("C:\Program Files\MiKTeX 2.9\tex\context\base\supp-pdf.mkii"
[Loading MPS to PDF converter (version 2006.09.02).]
\scratchcounter=\count88
\scratchdimen=\dimen105
\scratchbox=\box26
\nofMPsegments=\count89
\nofMParguments=\count90
\everyMPshowfont=\toks15
\MPscratchCnt=\count91
\MPscratchDim=\dimen106
\MPnumerator=\count92
\makeMPintoPDFobject=\count93
\everyMPtoPDFconversion=\toks16
) ("C:\Program Files\MiKTeX 2.9\tex\generic\oberdiek\pdftexcmds.sty"
Package: pdftexcmds 2011/11/29 v0.20 Utility functions of pdfTeX for LuaTeX (HO
)

("C:\Program Files\MiKTeX 2.9\tex\generic\oberdiek\ifluatex.sty"
Package: ifluatex 2010/03/01 v1.3 Provides the ifluatex switch (HO)
Package ifluatex Info: LuaTeX not detected.
)
("C:\Program Files\MiKTeX 2.9\tex\generic\oberdiek\ifpdf.sty"
Package: ifpdf 2011/01/30 v2.3 Provides the ifpdf switch (HO)
Package ifpdf Info: pdfTeX in PDF mode is detected.
)
Package pdftexcmds Info: LuaTeX not detected.
Package pdftexcmds Info: \pdf@primitive is available.
Package pdftexcmds Info: \pdf@ifprimitive is available.
Package pdftexcmds Info: \pdfdraftmode found.
)
("C:\Program Files\MiKTeX 2.9\tex\latex\oberdiek\epstopdf-base.sty"
Package: epstopdf-base 2010/02/09 v2.5 Base part for package epstopdf

("C:\Program Files\MiKTeX 2.9\tex\latex\oberdiek\grfext.sty"
Package: grfext 2010/08/19 v1.1 Manage graphics extensions (HO)

("C:\Program Files\MiKTeX 2.9\tex\generic\oberdiek\kvdefinekeys.sty"
Package: kvdefinekeys 2011/04/07 v1.3 Define keys (HO)
))
("C:\Program Files\MiKTeX 2.9\tex\latex\oberdiek\kvoptions.sty"
Package: kvoptions 2011/06/30 v3.11 Key value format for package options (HO)

("C:\Program Files\MiKTeX 2.9\tex\generic\oberdiek\kvsetkeys.sty"
Package: kvsetkeys 2012/04/25 v1.16 Key value parser (HO)

("C:\Program Files\MiKTeX 2.9\tex\generic\oberdiek\etexcmds.sty"
Package: etexcmds 2011/02/16 v1.5 Avoid name clashes with e-TeX commands (HO)
Package etexcmds Info: Could not find \expanded.
(etexcmds)             That can mean that you are not using pdfTeX 1.50 or
(etexcmds)             that some package has redefined \expanded.
(etexcmds)             In the latter case, load this package earlier.
)))
Package grfext Info: Graphics extension search list:
(grfext)             [.png,.pdf,.jpg,.mps,.jpeg,.jbig2,.jb2,.PNG,.PDF,.JPG,.JPE
G,.JBIG2,.JB2,.eps]
(grfext)             \AppendGraphicsExtensions on input line 452.
)
LaTeX Font Info:    Try loading font information for OMS+cmr on input line 21.

("C:\Program Files\MiKTeX 2.9\tex\latex\base\omscmr.fd"
File: omscmr.fd 2014/09/29 v2.5h Standard LaTeX font definitions
)
LaTeX Font Info:    Font shape `OMS/cmr/m/n' in size <10> not available
(Font)              Font shape `OMS/cmsy/m/n' tried instead on input line 21.

Overfull \hbox (143.24574pt too wide) in paragraph at lines 40--40
[]\OT1/cmtt/m/n/10 eps_silver =  -18.295 - 1i*0.48085; % Johnson & Christy,1972
 (refractiveindex.info) at 633 nm[] 
 []


Overfull \hbox (95.99615pt too wide) in paragraph at lines 40--40
[]\OT1/cmtt/m/n/10 k_silver = omega * sqrt(mu_0*epsilon_0*eps_silver); % propag
ation constant of silver[] 
 []


Overfull \hbox (116.99597pt too wide) in paragraph at lines 72--72
[]        \OT1/cmtt/m/n/10 linspace(1e1*k_air,1e2*k_air,len/2)); % Piece-wise d
efinition for smoother plots[] 
 []


Overfull \hbox (106.49606pt too wide) in paragraph at lines 72--72
[]\OT1/cmtt/m/n/10 y_zero_index = find(y_zero == min(y_zero)); % Index in kxy w
ith the nearest value to 0[] 
 []

[1

{C:/Users/Phased/AppData/Local/MiKTeX/2.9/pdftex/config/pdftex.map}]
Overfull \hbox (27.74675pt too wide) in paragraph at lines 72--72
[]\OT1/cmtt/m/n/10 kx = C0(1,:) + 1i*C0(2,:); % make a complex contour along th
e real axis[] 
 []


Overfull \hbox (116.99597pt too wide) in paragraph at lines 79--79
[]\OT1/cmtt/m/n/10 x = linspace(1e-2*lambda,1e4*lambda,2*len/2); % Piece-wise d
efinition for smoother plots[] 
 []

[2]
Overfull \hbox (17.24684pt too wide) in paragraph at lines 168--168
[]\OT1/cmtt/m/n/10 matlab2tikz('filename',sprintf('nevels_michalski_real_axis_i
nt.tex'))[] 
 []


Overfull \hbox (38.24666pt too wide) in paragraph at lines 185--185
[] \OT1/cmtt/m/n/10 *** (To disable info messages, pass ['showInfo', false] to 
matlab2tikz.) 
 []

[3]
Overfull \hbox (111.74602pt too wide) in paragraph at lines 185--185
[] \OT1/cmtt/m/n/10 ***  http://www.mathworks.com/matlabcentral/fileexchange/22
022-matlab2tikz-matlab2tikz[] 
 []


Overfull \hbox (111.74602pt too wide) in paragraph at lines 185--185
[] \OT1/cmtt/m/n/10 *** For usage instructions, bug reports, the latest develop
ment versions and more, see[] 
 []


Overfull \hbox (53.99652pt too wide) in paragraph at lines 185--185
[] \OT1/cmtt/m/n/10 *** You will need pgfplots version 1.3 or newer to compile 
the TikZ output.[] 
 []


<Nevels_paper_Creeping_wave_part_real_axis_01.pdf, id=15, 614.295pt x 794.97pt>
File: Nevels_paper_Creeping_wave_part_real_axis_01.pdf Graphic file (type pdf)
<use Nevels_paper_Creeping_wave_part_real_axis_01.pdf>
Package pdftex.def Info: Nevels_paper_Creeping_wave_part_real_axis_01.pdf used 
on input line 187.
(pdftex.def)             Requested size: 289.07999pt x 374.10904pt.
 [4 <./Nevels_paper_Creeping_wave_part_real_axis_01.pdf>] [5]
(Nevels_paper_Creeping_wave_part_real_axis.aux) ) 
Here is how much of TeX's memory you used:
 1526 strings out of 493634
 22095 string characters out of 3143741
 83733 words of memory out of 10000000
 4925 multiletter control sequences out of 15000+200000
 4413 words of font info for 17 fonts, out of 3000000 for 9000
 1025 hyphenation exceptions out of 8191
 38i,5n,23p,273b,247s stack positions out of 5000i,500n,10000p,200000b,50000s
<C:/Program Files/MiKTeX 2.9/f
onts/type1/public/amsfonts/cm/cmbx12.pfb><C:/Program Files/MiKTeX 2.9/fonts/typ
e1/public/amsfonts/cm/cmr10.pfb><C:/Program Files/MiKTeX 2.9/fonts/type1/public
/amsfonts/cm/cmsy10.pfb><C:/Program Files/MiKTeX 2.9/fonts/type1/public/amsfont
s/cm/cmtt10.pfb>
Output written on Nevels_paper_Creeping_wave_part_real_axis.pdf (5 pages, 92528
 bytes).
PDF statistics:
 74 PDF objects out of 1000 (max. 8388607)
 0 named destinations out of 1000 (max. 500000)
 6 words of extra memory for PDF output out of 10000 (max. 10000000)

